生成启动时间为 2024/10/27 16:46:59。
     1>项目“D:\VS2010代码库\算法与程序设计第二周编程实践\算法与程序设计第二周编程实践\算法与程序设计第二周编程实践.vcxproj”在节点 2 上(build 个目标)。
     1>InitializeBuildStatus:
         正在创建“Debug\算法与程序设计第二周编程实践.unsuccessfulbuild”，因为已指定“AlwaysCreate”。
       ClCompile:
         d:\VS2010\VC\bin\CL.exe /c /ZI /nologo /W3 /WX- /Od /Oy- /D _UNICODE /D UNICODE /Gm /EHsc /RTC1 /MDd /GS /fp:precise /Zc:wchar_t /Zc:forScope /Fo"Debug\\" /Fd"Debug\vc100.pdb" /Gd /TC /analyze- /errorReport:prompt problemC.c
         problemC.c
     1>d:\vs2010代码库\算法与程序设计第二周编程实践\算法与程序设计第二周编程实践\problemc.c(60): warning C4996: 'scanf': This function or variable may be unsafe. Consider using scanf_s instead. To disable deprecation, use _CRT_SECURE_NO_WARNINGS. See online help for details.
                 d:\vs2010\vc\include\stdio.h(304) : 参见“scanf”的声明
       Link:
         d:\VS2010\VC\bin\link.exe /ERRORREPORT:PROMPT /OUT:"D:\VS2010代码库\算法与程序设计第二周编程实践\Debug\算法与程序设计第二周编程实践.exe" /NOLOGO kernel32.lib user32.lib gdi32.lib winspool.lib comdlg32.lib advapi32.lib shell32.lib ole32.lib oleaut32.lib uuid.lib odbc32.lib odbccp32.lib /MANIFEST /ManifestFile:"Debug\算法与程序设计第二周编程实践.exe.intermediate.manifest" /MANIFESTUAC:"level='asInvoker' uiAccess='false'" /DEBUG /PDB:"D:\VS2010代码库\算法与程序设计第二周编程实践\Debug\算法与程序设计第二周编程实践.pdb" /SUBSYSTEM:CONSOLE /TLBID:1 /DYNAMICBASE /NXCOMPAT /IMPLIB:"D:\VS2010代码库\算法与程序设计第二周编程实践\Debug\算法与程序设计第二周编程实践.lib" /MACHINE:X86 Debug\problemA.obj
         Debug\problemB.obj
         Debug\problemC.obj
         LINK : 没有找到 D:\VS2010代码库\算法与程序设计第二周编程实践\Debug\算法与程序设计第二周编程实践.exe 或上一个增量链接没有生成它；正在执行完全链接
         算法与程序设计第二周编程实践.vcxproj -> D:\VS2010代码库\算法与程序设计第二周编程实践\Debug\算法与程序设计第二周编程实践.exe
       Manifest:
         C:\Program Files (x86)\Microsoft SDKs\Windows\v7.0A\bin\mt.exe /nologo /verbose /outputresource:"D:\VS2010代码库\算法与程序设计第二周编程实践\Debug\算法与程序设计第二周编程实践.exe;#1" /manifest "Debug\算法与程序设计第二周编程实践.exe.intermediate.manifest"
       FinalizeBuildStatus:
         正在删除文件“Debug\算法与程序设计第二周编程实践.unsuccessfulbuild”。
         正在对“Debug\算法与程序设计第二周编程实践.lastbuildstate”执行 Touch 任务。
     1>已完成生成项目“D:\VS2010代码库\算法与程序设计第二周编程实践\算法与程序设计第二周编程实践\算法与程序设计第二周编程实践.vcxproj”(build 个目标)的操作。

生成成功。

已用时间 00:00:01.01
