生成启动时间为 2024/9/30 9:24:47。
     1>项目“D:\VS2010代码库\第一周作业\第一周作业\第一周作业.vcxproj”在节点 2 上(build 个目标)。
     1>InitializeBuildStatus:
         正在对“Debug\第一周作业.unsuccessfulbuild”执行 Touch 任务。
       ClCompile:
         d:\VS2010\VC\bin\CL.exe /c /ZI /nologo /W3 /WX- /Od /Oy- /D _UNICODE /D UNICODE /Gm /EHsc /RTC1 /MDd /GS /fp:precise /Zc:wchar_t /Zc:forScope /Fo"Debug\\" /Fd"Debug\vc100.pdb" /Gd /TC /analyze- /errorReport:prompt "第一周作业3.c"
         第一周作业3.c
     1>d:\vs2010代码库\第一周作业\第一周作业\第一周作业3.c(6): warning C4996: 'scanf': This function or variable may be unsafe. Consider using scanf_s instead. To disable deprecation, use _CRT_SECURE_NO_WARNINGS. See online help for details.
                 d:\vs2010\vc\include\stdio.h(304) : 参见“scanf”的声明
       Link:
         d:\VS2010\VC\bin\link.exe /ERRORREPORT:PROMPT /OUT:"D:\VS2010代码库\第一周作业\Debug\第一周作业.exe" /NOLOGO kernel32.lib user32.lib gdi32.lib winspool.lib comdlg32.lib advapi32.lib shell32.lib ole32.lib oleaut32.lib uuid.lib odbc32.lib odbccp32.lib /MANIFEST /ManifestFile:"Debug\第一周作业.exe.intermediate.manifest" /MANIFESTUAC:"level='asInvoker' uiAccess='false'" /DEBUG /PDB:"D:\VS2010代码库\第一周作业\Debug\第一周作业.pdb" /TLBID:1 /DYNAMICBASE /NXCOMPAT /IMPLIB:"D:\VS2010代码库\第一周作业\Debug\第一周作业.lib" /MACHINE:X86 "Debug\第一周作业1.obj"
         "Debug\第一周作业2.obj"
         "Debug\第一周作业3.obj"
         LINK : 没有找到 D:\VS2010代码库\第一周作业\Debug\第一周作业.exe 或上一个增量链接没有生成它；正在执行完全链接
         第一周作业.vcxproj -> D:\VS2010代码库\第一周作业\Debug\第一周作业.exe
       Manifest:
         C:\Program Files (x86)\Microsoft SDKs\Windows\v7.0A\bin\mt.exe /nologo /verbose /outputresource:"D:\VS2010代码库\第一周作业\Debug\第一周作业.exe;#1" /manifest "Debug\第一周作业.exe.intermediate.manifest"
       FinalizeBuildStatus:
         正在删除文件“Debug\第一周作业.unsuccessfulbuild”。
         正在对“Debug\第一周作业.lastbuildstate”执行 Touch 任务。
     1>已完成生成项目“D:\VS2010代码库\第一周作业\第一周作业\第一周作业.vcxproj”(build 个目标)的操作。

生成成功。

已用时间 00:00:00.30
