生成启动时间为 2024/10/23 16:50:32。
     1>项目“D:\VS2010代码库\第二次上机作业\第二次上机作业\第二次上机作业.vcxproj”在节点 2 上(build 个目标)。
     1>InitializeBuildStatus:
         正在创建“Debug\第二次上机作业.unsuccessfulbuild”，因为已指定“AlwaysCreate”。
       ClCompile:
         d:\VS2010\VC\bin\CL.exe /c /ZI /nologo /W3 /WX- /Od /Oy- /D _UNICODE /D UNICODE /Gm /EHsc /RTC1 /MDd /GS /fp:precise /Zc:wchar_t /Zc:forScope /Fo"Debug\\" /Fd"Debug\vc100.pdb" /Gd /TC /analyze- /errorReport:prompt "创新应用例题.c" "综合编程题8.c"
         综合编程题8.c
         创新应用例题.c
         正在生成代码...
       Link:
         d:\VS2010\VC\bin\link.exe /ERRORREPORT:PROMPT /OUT:"D:\VS2010代码库\第二次上机作业\Debug\第二次上机作业.exe" /NOLOGO kernel32.lib user32.lib gdi32.lib winspool.lib comdlg32.lib advapi32.lib shell32.lib ole32.lib oleaut32.lib uuid.lib odbc32.lib odbccp32.lib /MANIFEST /ManifestFile:"Debug\第二次上机作业.exe.intermediate.manifest" /MANIFESTUAC:"level='asInvoker' uiAccess='false'" /DEBUG /PDB:"D:\VS2010代码库\第二次上机作业\Debug\第二次上机作业.pdb" /SUBSYSTEM:CONSOLE /TLBID:1 /DYNAMICBASE /NXCOMPAT /IMPLIB:"D:\VS2010代码库\第二次上机作业\Debug\第二次上机作业.lib" /MACHINE:X86 "Debug\创新应用例题.obj"
         "Debug\基础编程题1.obj"
         "Debug\基础编程题2.obj"
         "Debug\基础编程题3.obj"
         "Debug\综合编程题8.obj"
         "Debug\计算类编程题4.obj"
         "Debug\计算类编程题5.obj"
         "Debug\设计类编程题6.obj"
         "Debug\设计类编程题7.obj"
         LINK : 没有找到 D:\VS2010代码库\第二次上机作业\Debug\第二次上机作业.exe 或上一个增量链接没有生成它；正在执行完全链接
         第二次上机作业.vcxproj -> D:\VS2010代码库\第二次上机作业\Debug\第二次上机作业.exe
       Manifest:
         C:\Program Files (x86)\Microsoft SDKs\Windows\v7.0A\bin\mt.exe /nologo /verbose /outputresource:"D:\VS2010代码库\第二次上机作业\Debug\第二次上机作业.exe;#1" /manifest "Debug\第二次上机作业.exe.intermediate.manifest"
       FinalizeBuildStatus:
         正在删除文件“Debug\第二次上机作业.unsuccessfulbuild”。
         正在对“Debug\第二次上机作业.lastbuildstate”执行 Touch 任务。
     1>已完成生成项目“D:\VS2010代码库\第二次上机作业\第二次上机作业\第二次上机作业.vcxproj”(build 个目标)的操作。

生成成功。

已用时间 00:00:01.31
